11:47:19 **** Build of configuration gcc-debug for project inet ****
make MODE=debug CONFIGNAME=gcc-debug -j4 all 
cd src && make
make[1]: Entering directory `/home/asvvan/projects/vitiv6/omtp/inet/src'
MSGC: applications/dhcp/DHCPMessage.msg
applications/common/ApplicationBase.cc
MSGC: transport/contract/UDPControlInfo.msg
MSGC: applications/ethernet/EtherApp.msg
MSGC: linklayer/contract/Ieee802Ctrl.msg
MSGC: networklayer/contract/IPProtocolId.msg
MSGC: networklayer/contract/IPv4ControlInfo.msg
MSGC: networklayer/contract/IPv6ControlInfo.msg
MSGC: applications/httptools/HttpEventMessages.msg
MSGC: applications/httptools/HttpMessages.msg
MSGC: transport/contract/TCPCommand.msg
MSGC: applications/pingapp/PingPayload.msg
MSGC: transport/rtp/RTPInterfacePacket.msg
MSGC: transport/rtp/RTPSenderControlMessage.msg
MSGC: transport/rtp/RTPSenderStatusMessage.msg
MSGC: transport/contract/SCTPCommand.msg
MSGC: transport/sctp/SCTPMessage.msg
MSGC: base/ByteArrayMessage.msg
MSGC: base/ByteArray.msg
MSGC: applications/tcpapp/GenericAppMsg.msg
applications/tcpapp/TCPSrvHostApp.cc
applications/tcpapp/TelnetApp.cc
applications/tcpapp/TCPSinkApp.cc
applications/tcpapp/TCPAppBase.cc
applications/tcpapp/TCPBasicClientApp.cc
applications/tcpapp/TCPGenericSrvThread.cc
applications/traci/TraCITestApp.cc
applications/traci/TraCIDemo.cc
applications/udpapp/UDPEchoApp.cc
applications/udpapp/UDPBasicApp.cc
applications/udpapp/UDPVideoStreamCli.cc
applications/udpapp/UDPVideoStreamSvr.cc
applications/udpapp/UDPBasicBurst.cc
applications/udpapp/UDPSink.cc
MSGC: applications/voip/SimpleVoIPPacket.msg
base/ByteArrayBuffer.cc
base/NotifierConsts.cc
base/NedFunctions.cc
base/PassiveQueueBase.cc
base/ModuleAccess.cc
base/OperationalBase.cc
base/NotificationBoard.cc
base/LifecycleController.cc
base/BasicModule.cc
base/InterfaceOperations.cc
base/Join.cc
base/ProtocolMap.cc
base/ReassemblyBuffer.cc
base/NodeOperations.cc
base/erfc.cc
base/Sink.cc
base/QueueBase.cc
base/UnimplementedModule.cc
base/ByteArray.cc
base/Topology.cc
base/AbstractQueue.cc
base/Coord.cc
base/ByteArrayMessage.cc
base/Compat.cc
base/ResultFilters.cc
battery/models/BasicBattery.cc
battery/models/InetSimpleBattery.cc
linklayer/common/MACBase.cc
linklayer/common/WirelessMacBase.cc
linklayer/configurator/L2NodeConfigurator.cc
linklayer/configurator/Ieee8021dInterfaceData.cc
linklayer/configurator/L2NetworkConfigurator.cc
linklayer/contract/MACAddress.cc
linklayer/ethernet/EtherHub.cc
MSGC: linklayer/ethernet/EtherFrame.msg
linklayer/ethernet/EtherBus.cc
linklayer/ethernet/EtherFrameClassifier.cc
linklayer/ethernet/EtherLLC.cc
linklayer/ethernet/switch/MACRelayUnit.cc
linklayer/ethernet/switch/MACAddressTable.cc
MSGC: linklayer/ext/ExtFrame.msg
MSGC: networklayer/ipv4/IPv4Datagram.msg
linklayer/ext/cSocketRTScheduler.cc
MSGC: linklayer/idealwireless/IdealWirelessFrame.msg
MSGC: linklayer/radio/IdealAirFrame.msg
MSGC: linklayer/ieee80211/mac/Ieee80211Frame.msg
MSGC: networklayer/icmpv6/ICMPv6Message.msg
MSGC: networklayer/ipv4/ICMPMessage.msg
MSGC: networklayer/ipv6/IPv6Datagram.msg
MSGC: transport/tcp_common/TCPSegment.msg
MSGC: transport/udp/UDPPacket.msg
linklayer/ieee80211/mac/WifiMode.cc
MSGC: linklayer/contract/PhyControlInfo.msg
MSGC: linklayer/radio/AirFrame.msg
MSGC: linklayer/radio/Radio80211aControlInfo.msg
linklayer/ieee80211/mac/Ieee80211DataRate.cc
MSGC: linklayer/ieee80211/mgmt/Ieee80211MgmtFrames.msg
MSGC: linklayer/ieee80211/mgmt/Ieee80211Primitives.msg
linklayer/ieee80211/mgmt/Ieee80211MgmtAPSimplified.cc
linklayer/ieee80211/mgmt/Ieee80211MgmtBase.cc
linklayer/ieee80211/mgmt/Ieee80211MgmtSTASimplified.cc
linklayer/ieee80211/mgmt/Ieee80211MgmtAP.cc
linklayer/ieee80211/mgmt/Ieee80211MgmtAPBase.cc
linklayer/ieee80211/mgmt/Ieee80211MgmtSTA.cc
linklayer/ieee80211/mgmt/Ieee80211MgmtAdhoc.cc
linklayer/ieee80211/radio/BerParseFile.cc
linklayer/ieee80211/radio/Ieee80211RadioModel.cc
linklayer/ieee80211/radio/errormodel/yans-error-rate-model.cc
linklayer/ieee80211/radio/errormodel/dsss-error-rate-model.cc
linklayer/ieee80211/radio/errormodel/nist-error-rate-model.cc
linklayer/ieee8021d/common/STPBase.cc
MSGC: linklayer/ieee8021d/common/Ieee8021dBPDU.msg
linklayer/loopback/Loopback.cc
MSGC: linklayer/ppp/PPPFrame.msg
linklayer/queue/REDDropper.cc
linklayer/queue/AlgorithmicDropperBase.cc
linklayer/queue/SchedulerBase.cc
linklayer/queue/FIFOQueue.cc
linklayer/queue/WRRScheduler.cc
linklayer/queue/ThresholdDropper.cc
linklayer/queue/PriorityScheduler.cc
linklayer/queue/DropTailQueue.cc
linklayer/radio/IdealRadio.cc
linklayer/radio/Radio.cc
linklayer/radio/Modulation.cc
linklayer/radio/GenericRadioModel.cc
linklayer/radio/propagation/NakagamiModel.cc
linklayer/radio/propagation/LogNormalShadowingModel.cc
linklayer/radio/propagation/FreeSpaceModel.cc
linklayer/radio/propagation/RiceModel.cc
linklayer/radio/propagation/TwoRayGroundModel.cc
linklayer/radio/propagation/SUIModel.cc
linklayer/radio/propagation/RayleighModel.cc
mobility/common/LineSegmentsMobilityBase.cc
mobility/common/MovingMobilityBase.cc
mobility/common/MobilityBase.cc
mobility/common/MobilityAccess.cc
mobility/contract/IMobility.cc
mobility/group/PostureTransition.cc
mobility/group/Posture.cc
mobility/group/MoBANLocal.cc
mobility/group/MoBANCoordinator.cc
mobility/single/BonnMotionFileCache.cc
mobility/single/RectangleMobility.cc
mobility/single/Ns2MotionMobility.cc
mobility/single/RandomWPMobility.cc
mobility/single/BonnMotionMobility.cc
mobility/single/CircleMobility.cc
mobility/single/ConstSpeedMobility.cc
mobility/single/TractorMobility.cc
mobility/single/TurtleMobility.cc
mobility/single/ChiangMobility.cc
mobility/single/LinearMobility.cc
mobility/single/GaussMarkovMobility.cc
mobility/single/LinearNodeDistributionMobility.cc
mobility/single/TraCIMobility.cc
mobility/single/ANSimMobility.cc
mobility/single/MassMobility.cc
mobility/static/StationaryMobility.cc
mobility/single/ANSimMobility.cc: In member function ‘virtual void ANSimMobility::extractDataFrom(cXMLElement*)’:
mobility/single/ANSimMobility.cc:111:17: warning: unused variable ‘startTimeStr’ [-Wunused-variable]
     const char *startTimeStr = firstChildWithTag(node, "start_time")->getNodeValue();
                 ^
mobility/static/StaticGridMobility.cc
networklayer/arp/IARPCache.cc
MSGC: networklayer/arp/ARPPacket.msg
networklayer/autorouting/ipv4/IPv4NodeConfigurator.cc
networklayer/autorouting/ipv4/HostAutoConfigurator.cc
networklayer/autorouting/ipv4/FlatNetworkConfigurator.cc
networklayer/autorouting/ipv4/IPv4NetworkConfigurator.cc
networklayer/autorouting/ipv6/FlatNetworkConfigurator6.cc
MSGC: networklayer/bgpv4/BGPMessage/BGPASPathSegment.msg
MSGC: networklayer/bgpv4/BGPMessage/BGPHeader.msg
MSGC: networklayer/bgpv4/BGPMessage/BGPKeepAlive.msg
MSGC: networklayer/bgpv4/BGPMessage/BGPOpen.msg
MSGC: networklayer/bgpv4/BGPMessage/BGPUpdatePathAttributes.msg
MSGC: networklayer/bgpv4/BGPMessage/BGPUpdate.msg
MSGC: networklayer/ospfv2/OSPFPacket.msg
networklayer/common/InterfaceMatcher.cc
networklayer/common/InterfaceEntry.cc
networklayer/common/InterfaceTable.cc
networklayer/contract/IPvXAddress.cc
networklayer/contract/IPv6ControlInfo.cc
networklayer/contract/IPv4ControlInfo.cc
networklayer/contract/IPvXAddressResolver.cc
networklayer/contract/IPv4Address.cc
networklayer/contract/IPv6Address.cc
networklayer/contract/IPSocket.cc
networklayer/diffserv/BehaviorAggregateClassifier.cc
networklayer/diffserv/TwoRateThreeColorMeter.cc
MSGC: networklayer/diffserv/DSCP.msg
networklayer/diffserv/TokenBucketMeter.cc
networklayer/diffserv/SingleRateThreeColorMeter.cc
networklayer/diffserv/DSCPMarker.cc
networklayer/diffserv/MultiFieldClassifier.cc
MSGC: networklayer/icmpv6/IPv6NDMessage.msg
MSGC: networklayer/ipv6/IPv6ExtensionHeaders.msg
MSGC: networklayer/xmipv6/MobilityHeader.msg
networklayer/icmpv6/ICMPv6.cc
networklayer/icmpv6/IPv6NeighbourCache.cc
networklayer/internetcloud/CloudDelayerBase.cc
networklayer/internetcloud/MatrixCloudDelayer.cc
networklayer/ipv4/IPv4FragBuf.cc
networklayer/ipv4/RoutingTableParser.cc
MSGC: networklayer/ipv4/IGMPMessage.msg
networklayer/ipv4/IPv4Route.cc
networklayer/ipv4/ICMP.cc
networklayer/ipv4/NetworkInfo.cc
networklayer/ipv4/IPv4Datagram.cc
networklayer/ipv4/ErrorHandling.cc
networklayer/ipv4/RoutingTable.cc
networklayer/ipv4/RoutingTableRecorder.cc
networklayer/ipv4/IPv4.cc
networklayer/ipv4/IPv4InterfaceData.cc
networklayer/ipv6/IPv6Datagram.cc
networklayer/ipv6/IPv6ExtensionHeaders.cc
networklayer/ipv6/RoutingTable6.cc
networklayer/ipv6/IPv6InterfaceData.cc
networklayer/ipv6/IPv6.cc
networklayer/ipv6/IPv6FragBuf.cc
networklayer/ipv6/IPv6ErrorHandling.cc
networklayer/ipv6tunneling/IPv6Tunneling.cc
MSGC: networklayer/ldp/LDPPacket.msg
MSGC: networklayer/rsvp_te/IntServ.msg
MSGC: networklayer/ted/TED.msg
MSGC: networklayer/manetrouting/aodv/aodv_msg_struct.msg
MSGC: networklayer/manetrouting/base/ControlManetRouting.msg
networklayer/manetrouting/aodv/aodv-uu/timer_queue_aodv.cc
networklayer/manetrouting/aodv/aodv-uu/aodv_rreq.cc
networklayer/ipv6/IPv6ErrorHandling.cc: In member function ‘virtual void IPv6ErrorHandling::handleMessage(cMessage*)’:
networklayer/ipv6/IPv6ErrorHandling.cc:51:32: warning: unused variable ‘msg2’ [-Wunused-variable]
         ICMPv6PacketTooBigMsg *msg2 = (ICMPv6PacketTooBigMsg *)icmpv6Msg;
                                ^
networklayer/manetrouting/aodv/aodv-uu/routing_table.cc
networklayer/ipv6tunneling/IPv6Tunneling.cc: In member function ‘void IPv6Tunneling::encapsulateDatagram(IPv6Datagram*)’:
networklayer/ipv6tunneling/IPv6Tunneling.cc:425:25: warning: variable ‘nextHop’ set but not used [-Wunused-but-set-variable]
             IPv6Address nextHop = rt->lookupDestCache(dest, interfaceId);
                         ^
networklayer/manetrouting/aodv/aodv-uu/aodv_rreq.cc: In member function ‘void AODVUU::rreq_process(RREQ*, int, In_addr, In_addr, int, unsigned int)’:
networklayer/manetrouting/aodv/aodv-uu/aodv_rreq.cc:680:1: warning: label ‘forward’ defined but not used [-Wunused-label]
 forward:
 ^
networklayer/manetrouting/aodv/aodv-uu/aodv_neighbor.cc
networklayer/manetrouting/aodv/aodv-uu/aodv_timeout.cc
networklayer/manetrouting/aodv/aodv-uu/aodv_rerr.cc
networklayer/manetrouting/aodv/aodv-uu/list.cc
networklayer/manetrouting/aodv/aodv-uu/debug_aodv.cc
networklayer/manetrouting/aodv/aodv-uu/seek_list.cc
networklayer/manetrouting/aodv/aodv-uu/aodv_socket.cc
networklayer/manetrouting/aodv/aodv-uu/aodv_hello.cc
networklayer/manetrouting/aodv/aodv-uu/debug_aodv.cc: In member function ‘void AODVUU::log_pkt_fields(AODV_msg*)’:
networklayer/manetrouting/aodv/aodv-uu/debug_aodv.cc:292:11: warning: variable ‘rerr’ set but not used [-Wunused-but-set-variable]
     RERR *rerr;
           ^
networklayer/manetrouting/aodv/aodv-uu/aodv_socket.cc: In member function ‘void AODVUU::aodv_socket_send(AODV_msg*, In_addr, int, u_int8_t, dev_info*, double)’:
networklayer/manetrouting/aodv/aodv-uu/aodv_rrep.cc
networklayer/manetrouting/aodv/aodv-uu/aodv_socket.cc:410:9: warning: unused variable ‘retval’ [-Wunused-variable]
     int retval = 0;
         ^
networklayer/manetrouting/aodv/aodv-uu/locality.cc
networklayer/manetrouting/base/ManetAddress.cc
MSGC: networklayer/manetrouting/base/ControlInfoBreakLink.msg
networklayer/manetrouting/base/ManetNetfilterHook.cc
MSGC: networklayer/manetrouting/batman/BatmanMsg.msg
MSGC: networklayer/manetrouting/dsdv/DSDVhello.msg
networklayer/manetrouting/dsr/dsr-uu-omnetpp.cc
networklayer/manetrouting/dsr/dsr-pkt_omnet.cc
In file included from networklayer/manetrouting/dsr/dsr-uu/dsr-opt.h:28:0,
                 from networklayer/manetrouting/dsr/dsr-pkt_omnet.h:17,
                 from networklayer/manetrouting/base/ManetNetfilterHook.cc:32:
networklayer/manetrouting/dsr/dsr-uu/dsr.h:115:3: warning: ‘confvals_def’ defined but not used [-Wunused-variable]
 } confvals_def[CONFVAL_MAX] =
   ^
networklayer/manetrouting/dsr/dsr-uu/path-cache.cc
networklayer/manetrouting/dsr/dsr-uu/dsr-io.cc
networklayer/manetrouting/dsr/dsr-uu-omnetpp.cc: In member function ‘void DSRUU::omnet_xmit(dsr_pkt*)’:
networklayer/manetrouting/dsr/dsr-uu-omnetpp.cc:128:26: warning: unused variable ‘controlInfo’ [-Wunused-variable]
         IPv4ControlInfo *controlInfo = check_and_cast<IPv4ControlInfo*>(p->getControlInfo());
                          ^
networklayer/manetrouting/dsr/dsr-uu/path-cache.cc: In member function ‘dsr_srt* DSRUU::ph_srt_find(in_addr, in_addr, int, unsigned int)’:
networklayer/manetrouting/dsr/dsr-uu/path-cache.cc:271:9: warning: variable ‘status’ set but not used [-Wunused-but-set-variable]
     int status;
         ^
networklayer/manetrouting/dsr/dsr-uu-omnetpp.cc: In member function ‘void DSRUU::packetFailed(IPv4Datagram*)’:
networklayer/manetrouting/dsr/dsr-uu-omnetpp.cc:644:20: warning: variable ‘prev_hop’ set but not used [-Wunused-but-set-variable]
     struct in_addr prev_hop;
                    ^
In file included from networklayer/manetrouting/dsr/dsr-uu/dsr-opt.h:28:0,
                 from networklayer/manetrouting/dsr/dsr-pkt_omnet.h:17,
                 from networklayer/manetrouting/dsr/dsr-pkt_omnet.cc:23:
networklayer/manetrouting/dsr/dsr-uu/dsr.h:115:3: warning: ‘confvals_def’ defined but not used [-Wunused-variable]
 } confvals_def[CONFVAL_MAX] =
   ^
networklayer/manetrouting/dsr/dsr-uu/send-buf.cc
networklayer/manetrouting/dsr/dsr-uu/maint-buf.cc
networklayer/manetrouting/dsr/dsr-uu/dsr-rreq.cc
networklayer/manetrouting/dsr/dsr-uu/dsr-rerr.cc
networklayer/manetrouting/dsr/dsr-uu/dsr-rreq.cc: In member function ‘int DSRUU::rreq_tbl_add_id(in_addr, in_addr, short unsigned int, double, char*, int)’:
networklayer/manetrouting/dsr/dsr-uu/dsr-rreq.cc:409:9: warning: variable ‘res’ set but not used [-Wunused-but-set-variable]
     int res = 0;
         ^
networklayer/manetrouting/dsr/dsr-uu/dsr-rrep.cc
networklayer/manetrouting/dsr/dsr-uu/link-cache.cc
networklayer/manetrouting/dsr/dsr-uu/neigh.cc
networklayer/manetrouting/dsr/dsr-uu/dsr-srt.cc
networklayer/manetrouting/dsr/dsr-uu/link-cache.cc: In member function ‘dsr_srt* DSRUU::lc_srt_find(in_addr, in_addr)’:
networklayer/manetrouting/dsr/dsr-uu/link-cache.cc:503:25: warning: variable ‘d’ set but not used [-Wunused-but-set-variable]
         struct lc_node *d, *n;
                         ^
networklayer/manetrouting/dsr/dsr-uu/dsr-pkt.cc
networklayer/manetrouting/dsr/dsr-uu/dsr-ack.cc
networklayer/manetrouting/dsr/dsr-uu/dsr-opt.cc
networklayer/manetrouting/dymo/dymo_um_omnet.cc
networklayer/manetrouting/dymo/dymo_packet_queue_omnet.cc
networklayer/manetrouting/dymo/dymo_msg_struct.cc
networklayer/manetrouting/dymo/dymoum/rtable.cc
networklayer/manetrouting/dymo/dymo_msg_struct.cc: In member function ‘virtual std::string DYMO_element::detailedInfo() const’:
networklayer/manetrouting/dymo/dymo_msg_struct.cc:307:16: warning: variable ‘uerr_type’ set but not used [-Wunused-but-set-variable]
     Dymo_UERR *uerr_type = NULL;
                ^
networklayer/manetrouting/dymo/dymo_msg_struct.cc:309:17: warning: variable ‘hello_type’ set but not used [-Wunused-but-set-variable]
     Dymo_HELLO *hello_type = NULL;
                 ^
networklayer/manetrouting/dymo/dymoum/pending_rreq.cc
networklayer/manetrouting/dymo/dymoum/dymo_rerr.cc
networklayer/manetrouting/dymo/dymoum/dymo_generic.cc
networklayer/manetrouting/dymo/dymoum/timer_queue.cc
networklayer/manetrouting/dymo/dymoum/icmp_socket.cc
networklayer/manetrouting/dymo/dymoum/dymo_uerr.cc
MSGC: networklayer/manetrouting/base/MeshControlInfo.msg
networklayer/manetrouting/dymo/dymoum/dymo_timeout.cc
networklayer/manetrouting/dymo/dymoum/dymo_hello.cc
networklayer/manetrouting/dymo/dymoum/dymo_nb.cc
networklayer/manetrouting/dymo/dymoum/blacklist.cc
networklayer/manetrouting/dymo/dymoum/dymo_socket.cc
networklayer/manetrouting/dymo/dymoum/debug_dymo.cc
MSGC: networklayer/manetrouting/dymo_fau/DYMO_PacketBBMessage.msg
MSGC: networklayer/manetrouting/dymo_fau/DYMO_Packet.msg
MSGC: networklayer/manetrouting/dymo_fau/DYMO_RERR.msg
MSGC: networklayer/manetrouting/dymo_fau/DYMO_RM.msg
MSGC: networklayer/manetrouting/dymo_fau/DYMO_RREP.msg
MSGC: networklayer/manetrouting/dymo_fau/DYMO_RREQ.msg
MSGC: networklayer/manetrouting/dymo_fau/DYMO_Timeout.msg
MSGC: networklayer/manetrouting/dymo_fau/DYMO_UERR.msg
networklayer/manetrouting/dymo_fau/DYMO_DataQueue.cc
networklayer/manetrouting/dymo_fau/DYMO_OutstandingRREQList.cc
networklayer/manetrouting/dymo_fau/InspectorHelpers.cc
MSGC: networklayer/manetrouting/olsr/OLSRpkt.msg
networklayer/mpls/LIBTable.cc
networklayer/mpls/MPLS.cc
networklayer/mpls/MPLSPacket.cc
networklayer/ospfv2/OSPFConfigReader.cc
networklayer/ospfv2/OSPFRouting.cc
networklayer/ospfv2/interface/OSPFInterfaceStateBackup.cc
networklayer/ospfv2/interface/OSPFInterfaceState.cc
networklayer/ospfv2/interface/OSPFInterfaceStateLoopback.cc
networklayer/ospfv2/interface/OSPFInterfaceStateNotDesignatedRouter.cc
networklayer/ospfv2/interface/OSPFInterfaceStateDesignatedRouter.cc
networklayer/ospfv2/interface/OSPFInterfaceStateWaiting.cc
networklayer/ospfv2/interface/OSPFInterfaceStateDown.cc
networklayer/ospfv2/interface/OSPFInterfaceStatePointToPoint.cc
networklayer/ospfv2/interface/OSPFInterface.cc
networklayer/ospfv2/messagehandler/DatabaseDescriptionHandler.cc
networklayer/ospfv2/messagehandler/LinkStateUpdateHandler.cc
networklayer/ospfv2/messagehandler/LinkStateAcknowledgementHandler.cc
networklayer/ospfv2/messagehandler/LinkStateRequestHandler.cc
networklayer/ospfv2/messagehandler/HelloHandler.cc
networklayer/ospfv2/messagehandler/MessageHandler.cc
networklayer/ospfv2/neighbor/OSPFNeighborStateExchange.cc
networklayer/ospfv2/neighbor/OSPFNeighborStateFull.cc
networklayer/ospfv2/neighbor/OSPFNeighbor.cc
networklayer/ospfv2/neighbor/OSPFNeighborStateLoading.cc
networklayer/ospfv2/neighbor/OSPFNeighborStateTwoWay.cc
networklayer/ospfv2/neighbor/OSPFNeighborStateExchangeStart.cc
networklayer/ospfv2/neighbor/OSPFNeighborStateInit.cc
networklayer/ospfv2/neighbor/OSPFNeighborStateAttempt.cc
networklayer/ospfv2/neighbor/OSPFNeighborStateDown.cc
networklayer/ospfv2/neighbor/OSPFNeighborState.cc
networklayer/ospfv2/router/SummaryLSA.cc
networklayer/ospfv2/router/NetworkLSA.cc
networklayer/ospfv2/router/RouterLSA.cc
networklayer/ospfv2/router/OSPFRouter.cc
networklayer/ospfv2/router/OSPFRoutingTableEntry.cc
networklayer/ospfv2/router/OSPFArea.cc
networklayer/ospfv2/router/LSA.cc
networklayer/ospfv2/router/ASExternalLSA.cc
MSGC: networklayer/routing/dymo/DYMO.msg
networklayer/routing/dymo/DYMORouteData.cc
networklayer/routing/gpsr/PositionTable.cc
MSGC: networklayer/routing/gpsr/GPSR.msg
MSGC: networklayer/routing/rip/RIPPacket.msg
MSGC: networklayer/rsvp_te/RSVPHello.msg
MSGC: networklayer/rsvp_te/RSVPPacket.msg
MSGC: networklayer/rsvp_te/RSVPPathMsg.msg
MSGC: networklayer/rsvp_te/RSVPResvMsg.msg
MSGC: networklayer/rsvp_te/SignallingMsg.msg
networklayer/rsvp_te/Utils.cc
networklayer/rsvp_te/RSVP.cc
MSGC: networklayer/ted/LinkStatePacket.msg
networklayer/ted/TED.cc
networklayer/xmipv6/BindingCache.cc
networklayer/xmipv6/xMIPv6.cc
networklayer/xmipv6/MobilityHeader.cc
networklayer/xmipv6/BindingUpdateList.cc
status/NodeStatus.cc
transport/contract/UDPSocket.cc
transport/contract/TCPSocketMap.cc
transport/contract/TCPSocket.cc
transport/contract/SCTPSocket.cc
MSGC: transport/rtp/RTCPPacket1.msg
MSGC: transport/rtp/RTCPPacket2.msg
MSGC: transport/rtp/RTCPPacket3.msg
MSGC: transport/rtp/reports.msg
MSGC: transport/rtp/RTPInnerPacket.msg
MSGC: transport/rtp/RTPPacket.msg
MSGC: transport/rtp/RTPParticipantInfo.msg
transport/rtp/sdes.cc
transport/rtp/RTPPacket.cc
transport/rtp/profiles/avprofile/RTPAVProfile.cc
MSGC: transport/rtp/profiles/avprofile/RTPMpegPacket.msg
transport/sctp/SCTPNatHook.cc
transport/sctp/SCTPNatTable.cc
transport/sctp/SCTPAssociationAddIP.cc
transport/sctp/SCTPAlg.cc
transport/sctp/SCTPReceiveStream.cc
transport/sctp/SCTPAssociationEventProc.cc
transport/sctp/SCTPAssociationStreamReset.cc
transport/sctp/SCTPGapList.cc
transport/sctp/SCTP.cc
transport/sctp/SCTPAssociationUtil.cc
transport/sctp/SCTPSSFunctions.cc
transport/sctp/SCTPQueue.cc
transport/sctp/SCTPSendStream.cc
transport/sctp/SCTPAssociationBase.cc
transport/sctp/SCTPAssociationSendAll.cc
transport/sctp/SCTPCCFunctions.cc
transport/sctp/SCTPAssociationRcvMessage.cc
transport/sctp/SCTPMessage.cc
transport/tcp/TCPConnectionUtil.cc
transport/tcp/TCPSACKRexmitQueue.cc
transport/tcp/TCPConnectionEventProc.cc
transport/tcp/TCPConnectionSackUtil.cc
transport/tcp/TCPConnectionBase.cc
transport/tcp/TCP.cc
transport/tcp/TCPConnectionRcvSegment.cc
transport/tcp/flavours/TCPVegas.cc
transport/tcp/flavours/TCPWestwood.cc
transport/tcp/flavours/TCPTahoeRenoFamily.cc
transport/tcp/flavours/TCPReno.cc
transport/tcp/flavours/TCPSegmentTransmitInfoList.cc
transport/tcp/flavours/DumbTCP.cc
transport/tcp/flavours/TCPNoCongestionControl.cc
transport/tcp/flavours/TCPTahoe.cc
transport/tcp/flavours/TCPNewReno.cc
transport/tcp/flavours/TCPBaseAlg.cc
transport/tcp/queues/TCPVirtualDataRcvQueue.cc
transport/tcp/queues/TCPVirtualDataSendQueue.cc
transport/tcp/queues/TCPByteStreamRcvQueue.cc
transport/tcp/queues/TCPMsgBasedSendQueue.cc
transport/tcp/queues/TCPMsgBasedRcvQueue.cc
transport/tcp/queues/TCPByteStreamSendQueue.cc
transport/tcp_common/TCPSpoof.cc
transport/tcp_common/TCPSegment.cc
transport/udp/UDP.cc
util/PcapRecorder.cc
util/OrdinalBasedDropper.cc
util/NetAnimTrace.cc
util/ThruputMeter.cc
util/opp_utils.cc
util/Macho.cc
In file included from util/Macho.cc:16:0:
util/Macho.h: In constructor ‘Macho::Machine<T>::Machine(typename TOP::Box*)’:
util/Macho.h:1873:82: warning: typedef ‘MustDeriveFromTopBase’ locally defined but not used [-Wunused-local-typedefs]
             typedef typename _SameType<TopBase<TOP>, typename TOP::SUPER>::Check MustDeriveFromTopBase;
                                                                                  ^
util/Macho.h: In constructor ‘Macho::Machine<T>::Machine(const Macho::Alias&, typename TOP::Box*)’:
util/Macho.h:1888:82: warning: typedef ‘MustDeriveFromTopBase’ locally defined but not used [-Wunused-local-typedefs]
             typedef typename _SameType<TopBase<TOP>, typename TOP::SUPER>::Check MustDeriveFromTopBase;
                                                                                  ^
util/TCPDump.cc
util/PatternMatcher.cc
util/OrdinalBasedDuplicator.cc
util/MessageChecker.cc
util/PacketDump.cc
util/XMLUtils.cc
util/int128.cc
util/common.cc
util/PacketDump.cc: In member function ‘void PacketDump::sctpDump(const char*, SCTPMessage*, const string&, const string&, const char*)’:
util/PacketDump.cc:348:28: warning: variable ‘parameterType’ set but not used [-Wunused-but-set-variable]
                     uint32 parameterType;
                            ^
util/ThruputMeteringChannel.cc
util/Delayer.cc
util/PcapDump.cc
util/headerserializers/TCPIPchecksum.cc
util/headerserializers/ipv4/IPv4Serializer.cc
util/headerserializers/ipv4/IGMPSerializer.cc
util/headerserializers/ipv4/ICMPSerializer.cc
util/headerserializers/ipv6/IPv6Serializer.cc
util/headerserializers/sctp/SCTPSerializer.cc
util/headerserializers/tcp/TCPSerializer.cc
util/headerserializers/udp/UDPSerializer.cc
world/annotations/AnnotationDummy.cc
world/annotations/AnnotationManager.cc
world/httptools/HttpController.cc
world/obstacles/ObstacleControl.cc
world/obstacles/Obstacle.cc
world/radio/ChannelControl.cc
world/radio/IdealChannelModel.cc
world/radio/ChannelAccess.cc
world/radio/IdealChannelModelAccess.cc
world/scenario/ScenarioManager.cc
world/traci/TraCIScenarioManagerLaunchd.cc
world/traci/TraCIScenarioManager.cc
applications/dhcp/DHCPMessage_m.cc
applications/ethernet/EtherApp_m.cc
applications/httptools/HttpMessages_m.cc
applications/httptools/HttpEventMessages_m.cc
applications/pingapp/PingPayload_m.cc
applications/tcpapp/GenericAppMsg_m.cc
applications/voip/SimpleVoIPPacket_m.cc
base/ByteArrayMessage_m.cc
base/ByteArray_m.cc
linklayer/contract/PhyControlInfo_m.cc
linklayer/contract/Ieee802Ctrl_m.cc
linklayer/ethernet/EtherFrame_m.cc
linklayer/ext/ExtFrame_m.cc
linklayer/idealwireless/IdealWirelessFrame_m.cc
linklayer/ieee80211/mac/Ieee80211Frame_m.cc
linklayer/ieee80211/mgmt/Ieee80211Primitives_m.cc
linklayer/ieee80211/mgmt/Ieee80211MgmtFrames_m.cc
linklayer/ieee8021d/common/Ieee8021dBPDU_m.cc
linklayer/ppp/PPPFrame_m.cc
linklayer/radio/Radio80211aControlInfo_m.cc
linklayer/radio/AirFrame_m.cc
linklayer/radio/IdealAirFrame_m.cc
networklayer/arp/ARPPacket_m.cc
networklayer/bgpv4/BGPMessage/BGPKeepAlive_m.cc
networklayer/bgpv4/BGPMessage/BGPHeader_m.cc
networklayer/bgpv4/BGPMessage/BGPOpen_m.cc
networklayer/bgpv4/BGPMessage/BGPUpdatePathAttributes_m.cc
networklayer/bgpv4/BGPMessage/BGPUpdate_m.cc
networklayer/bgpv4/BGPMessage/BGPASPathSegment_m.cc
networklayer/contract/IPv6ControlInfo_m.cc
networklayer/contract/IPProtocolId_m.cc
networklayer/contract/IPv4ControlInfo_m.cc
networklayer/diffserv/DSCP_m.cc
networklayer/icmpv6/ICMPv6Message_m.cc
networklayer/icmpv6/IPv6NDMessage_m.cc
networklayer/ipv4/IGMPMessage_m.cc
networklayer/ipv4/IPv4Datagram_m.cc
networklayer/ipv4/ICMPMessage_m.cc
networklayer/ipv6/IPv6ExtensionHeaders_m.cc
networklayer/ipv6/IPv6Datagram_m.cc
networklayer/ldp/LDPPacket_m.cc
networklayer/manetrouting/aodv/aodv_msg_struct_m.cc
networklayer/manetrouting/base/MeshControlInfo_m.cc
networklayer/manetrouting/base/ControlInfoBreakLink_m.cc
networklayer/manetrouting/base/ControlManetRouting_m.cc
networklayer/manetrouting/batman/BatmanMsg_m.cc
networklayer/manetrouting/dsdv/DSDVhello_m.cc
networklayer/manetrouting/dymo_fau/DYMO_RM_m.cc
networklayer/manetrouting/dymo_fau/DYMO_RREP_m.cc
networklayer/manetrouting/dymo_fau/DYMO_RERR_m.cc
networklayer/manetrouting/dymo_fau/DYMO_RREQ_m.cc
networklayer/manetrouting/dymo_fau/DYMO_PacketBBMessage_m.cc
networklayer/manetrouting/dymo_fau/DYMO_Timeout_m.cc
networklayer/manetrouting/dymo_fau/DYMO_UERR_m.cc
networklayer/manetrouting/dymo_fau/DYMO_Packet_m.cc
networklayer/manetrouting/olsr/OLSRpkt_m.cc
networklayer/ospfv2/OSPFPacket_m.cc
networklayer/routing/dymo/DYMO_m.cc
networklayer/routing/gpsr/GPSR_m.cc
networklayer/routing/rip/RIPPacket_m.cc
networklayer/rsvp_te/RSVPResvMsg_m.cc
networklayer/rsvp_te/RSVPHello_m.cc
networklayer/rsvp_te/IntServ_m.cc
networklayer/rsvp_te/SignallingMsg_m.cc
networklayer/rsvp_te/RSVPPacket_m.cc
networklayer/rsvp_te/RSVPPathMsg_m.cc
networklayer/ted/LinkStatePacket_m.cc
networklayer/ted/TED_m.cc
networklayer/xmipv6/MobilityHeader_m.cc
transport/contract/UDPControlInfo_m.cc
transport/contract/SCTPCommand_m.cc
transport/contract/TCPCommand_m.cc
transport/rtp/RTPParticipantInfo_m.cc
transport/rtp/RTPSenderControlMessage_m.cc
transport/rtp/RTPPacket_m.cc
transport/rtp/RTPInnerPacket_m.cc
transport/rtp/RTCPPacket3_m.cc
transport/rtp/RTPInterfacePacket_m.cc
transport/rtp/RTPSenderStatusMessage_m.cc
transport/rtp/reports_m.cc
transport/rtp/RTCPPacket2_m.cc
transport/rtp/RTCPPacket1_m.cc
transport/rtp/profiles/avprofile/RTPMpegPacket_m.cc
transport/sctp/SCTPMessage_m.cc
transport/tcp_common/TCPSegment_m.cc
transport/udp/UDPPacket_m.cc
applications/dhcp/DHCPClient.cc
applications/dhcp/DHCPServer.cc
applications/ethernet/EtherAppCli.cc
applications/ethernet/EtherTrafGen.cc
applications/ethernet/EtherAppSrv.cc
applications/ethernet/EthernetApplication.cc
applications/generic/IPvXTrafGen.cc
applications/generic/IPvXTrafSink.cc
applications/httptools/HttpBrowserDirect.cc
applications/httptools/HttpServer.cc
applications/httptools/HttpUtils.cc
applications/httptools/HttpServerBase.cc
applications/httptools/HttpServerEvilA.cc
applications/httptools/HttpBrowserBase.cc
applications/httptools/HttpServerEvilB.cc
applications/httptools/HttpServerDirectEvilB.cc
applications/httptools/HttpServerDirect.cc
applications/httptools/HttpNodeBase.cc
applications/httptools/HttpRandom.cc
applications/httptools/HttpBrowser.cc
applications/httptools/HttpServerDirectEvilA.cc
applications/pingapp/PingTestApp.cc
applications/pingapp/PingApp.cc
applications/rtpapp/RTPApplication.cc
applications/sctpapp/SCTPNatPeer.cc
applications/sctpapp/SCTPServer.cc
applications/sctpapp/SCTPClient.cc
applications/sctpapp/SCTPPeer.cc
applications/sctpapp/SCTPNatServer.cc
applications/tcpapp/TCPEchoApp.cc
applications/tcpapp/TCPGenericSrvApp.cc
applications/tcpapp/TCPSessionApp.cc
applications/voip/SimpleVoIPReceiver.cc
applications/voip/SimpleVoIPSender.cc
linklayer/ethernet/EtherMACBase.cc
linklayer/ethernet/EtherMAC.cc
linklayer/ethernet/EtherMACFullDuplex.cc
linklayer/ethernet/EtherEncap.cc
linklayer/ext/ExtInterface.cc
linklayer/idealwireless/IdealWirelessMac.cc
linklayer/ieee80211/mac/Ieee80211eClassifier.cc
linklayer/ieee80211/mac/Ieee80211Mac.cc
linklayer/ieee80211/mgmt/Ieee80211AgentSTA.cc
linklayer/ieee8021d/relay/Ieee8021dRelay.cc
linklayer/ieee8021d/rstp/RSTP.cc
linklayer/ieee8021d/stp/STP.cc
linklayer/ieee8021d/tester/STPTester.cc
linklayer/ppp/PPP.cc
networklayer/arp/ARP.cc
networklayer/bgpv4/BGPSession.cc
networklayer/bgpv4/BGPRouting.cc
networklayer/bgpv4/BGPFSM.cc
In file included from networklayer/bgpv4/BGPFSM.h:22:0,
                 from networklayer/bgpv4/BGPFSM.cc:18:
util/Macho.h: In constructor ‘Macho::Machine<T>::Machine(typename TOP::Box*)’:
util/Macho.h:1873:82: warning: typedef ‘MustDeriveFromTopBase’ locally defined but not used [-Wunused-local-typedefs]
             typedef typename _SameType<TopBase<TOP>, typename TOP::SUPER>::Check MustDeriveFromTopBase;
                                                                                  ^
util/Macho.h: In constructor ‘Macho::Machine<T>::Machine(const Macho::Alias&, typename TOP::Box*)’:
util/Macho.h:1888:82: warning: typedef ‘MustDeriveFromTopBase’ locally defined but not used [-Wunused-local-typedefs]
             typedef typename _SameType<TopBase<TOP>, typename TOP::SUPER>::Check MustDeriveFromTopBase;
                                                                                  ^
In file included from networklayer/bgpv4/BGPFSM.h:22:0,
                 from networklayer/bgpv4/BGPSession.h:28,
                 from networklayer/bgpv4/BGPSession.cc:18:
util/Macho.h: In constructor ‘Macho::Machine<T>::Machine(typename TOP::Box*)’:
util/Macho.h:1873:82: warning: typedef ‘MustDeriveFromTopBase’ locally defined but not used [-Wunused-local-typedefs]
             typedef typename _SameType<TopBase<TOP>, typename TOP::SUPER>::Check MustDeriveFromTopBase;
                                                                                  ^
util/Macho.h: In constructor ‘Macho::Machine<T>::Machine(const Macho::Alias&, typename TOP::Box*)’:
util/Macho.h:1888:82: warning: typedef ‘MustDeriveFromTopBase’ locally defined but not used [-Wunused-local-typedefs]
             typedef typename _SameType<TopBase<TOP>, typename TOP::SUPER>::Check MustDeriveFromTopBase;
                                                                                  ^
In file included from networklayer/bgpv4/BGPFSM.h:22:0,
                 from networklayer/bgpv4/BGPSession.h:28,
                 from networklayer/bgpv4/BGPRouting.cc:24:
util/Macho.h: In constructor ‘Macho::Machine<T>::Machine(typename TOP::Box*)’:
util/Macho.h:1873:82: warning: typedef ‘MustDeriveFromTopBase’ locally defined but not used [-Wunused-local-typedefs]
             typedef typename _SameType<TopBase<TOP>, typename TOP::SUPER>::Check MustDeriveFromTopBase;
                                                                                  ^
util/Macho.h: In constructor ‘Macho::Machine<T>::Machine(const Macho::Alias&, typename TOP::Box*)’:
util/Macho.h:1888:82: warning: typedef ‘MustDeriveFromTopBase’ locally defined but not used [-Wunused-local-typedefs]
             typedef typename _SameType<TopBase<TOP>, typename TOP::SUPER>::Check MustDeriveFromTopBase;
                                                                                  ^
networklayer/bgpv4/BGPMessage/BGPUpdate.cc
networklayer/diffserv/DiffservUtil.cc
networklayer/icmpv6/IPv6NeighbourDiscovery.cc
networklayer/ipv4/IGMPv2.cc
networklayer/ldp/LDP.cc
networklayer/manetrouting/aodv/aodv_msg_struct.cc
networklayer/icmpv6/IPv6NeighbourDiscovery.cc: In member function ‘virtual void IPv6NeighbourDiscovery::processRSPacket(IPv6RouterSolicitation*, IPv6ControlInfo*)’:
networklayer/icmpv6/IPv6NeighbourDiscovery.cc:1118:20: warning: variable ‘macAddr’ set but not used [-Wunused-but-set-variable]
         MACAddress macAddr = rs->getSourceLinkLayerAddress();
                    ^
networklayer/icmpv6/IPv6NeighbourDiscovery.cc: In member function ‘virtual void IPv6NeighbourDiscovery::processRAPacket(IPv6RouterAdvertisement*, IPv6ControlInfo*)’:
networklayer/icmpv6/IPv6NeighbourDiscovery.cc:1357:20: warning: variable ‘macAddress’ set but not used [-Wunused-but-set-variable]
         MACAddress macAddress = ra->getSourceLinkLayerAddress();
                    ^
networklayer/icmpv6/IPv6NeighbourDiscovery.cc:1358:14: warning: unused variable ‘mtu’ [-Wunused-variable]
         uint mtu = ra->getMTU();
              ^
networklayer/icmpv6/IPv6NeighbourDiscovery.cc: In member function ‘virtual void IPv6NeighbourDiscovery::processRAPrefixInfo(IPv6RouterAdvertisement*, InterfaceEntry*)’:
networklayer/icmpv6/IPv6NeighbourDiscovery.cc:1554:14: warning: unused variable ‘preferredLifetime’ [-Wunused-variable]
         uint preferredLifetime = prefixInfo.getPreferredLifetime();
              ^
networklayer/icmpv6/IPv6NeighbourDiscovery.cc: In member function ‘virtual void IPv6NeighbourDiscovery::processNSForTentativeAddress(IPv6NeighbourSolicitation*, IPv6ControlInfo*)’:
networklayer/icmpv6/IPv6NeighbourDiscovery.cc:1990:17: warning: variable ‘nsDestAddr’ set but not used [-Wunused-but-set-variable]
     IPv6Address nsDestAddr = nsCtrlInfo->getDestAddr();
                 ^
networklayer/icmpv6/IPv6NeighbourDiscovery.cc: In member function ‘virtual void IPv6NeighbourDiscovery::processNSForNonTentativeAddress(IPv6NeighbourSolicitation*, IPv6ControlInfo*, InterfaceEntry*)’:
networklayer/icmpv6/IPv6NeighbourDiscovery.cc:2020:16: warning: variable ‘nsMacAddr’ set but not used [-Wunused-but-set-variable]
     MACAddress nsMacAddr = ns->getSourceLinkLayerAddress();
                ^
networklayer/icmpv6/IPv6NeighbourDiscovery.cc: In member function ‘virtual void IPv6NeighbourDiscovery::processRedirectPacket(IPv6Redirect*, IPv6ControlInfo*)’:
networklayer/icmpv6/IPv6NeighbourDiscovery.cc:2503:17: warning: variable ‘targetAddr’ set but not used [-Wunused-but-set-variable]
     IPv6Address targetAddr = redirect->getTargetAddress(); //Addressed to me
                 ^
networklayer/icmpv6/IPv6NeighbourDiscovery.cc:2504:17: warning: variable ‘destAddr’ set but not used [-Wunused-but-set-variable]
     IPv6Address destAddr = redirect->getDestinationAddress(); //new dest addr
                 ^
networklayer/icmpv6/IPv6NeighbourDiscovery.cc:2507:16: warning: variable ‘macAddr’ set but not used [-Wunused-but-set-variable]
     MACAddress macAddr = redirect->getTargetLinkLayerAddress();
                ^
networklayer/ldp/LDP.cc: In member function ‘virtual void LDP::openTCPConnectionToPeer(int)’:
networklayer/ldp/LDP.cc:615:44: warning: cast to pointer from integer of different size [-Wint-to-pointer-cast]
     socket->setCallbackObject(this, (void*)peerIndex);
                                            ^
networklayer/ldp/LDP.cc: In member function ‘virtual void LDP::processMessageFromTCP(cMessage*)’:
networklayer/ldp/LDP.cc:650:49: warning: cast to pointer from integer of different size [-Wint-to-pointer-cast]
         socket->setCallbackObject(this, (void *)i);
                                                 ^
networklayer/manetrouting/aodv/packet_queue_omnet.cc
networklayer/manetrouting/aodv/aodv_uu_omnet.cc
networklayer/manetrouting/base/ManetRoutingBase.cc
networklayer/manetrouting/aodv/aodv_uu_omnet.cc: In member function ‘void AODVUU::scheduleNextEvent()’:
networklayer/manetrouting/aodv/aodv_uu_omnet.cc:778:15: warning: variable ‘timeout’ set but not used [-Wunused-but-set-variable]
     simtime_t timeout = timer_age_queue();
               ^
networklayer/manetrouting/batman/BatmanMain.cc
networklayer/manetrouting/batman/batmand/hna.cc
networklayer/manetrouting/batman/batmand/batman.cc
networklayer/manetrouting/batman/batmand/ring_buffer.cc
networklayer/manetrouting/batman/batmand/originator.cc
networklayer/manetrouting/batman/batmand/os.cc
networklayer/manetrouting/batman/batmand/bitarray.cc
networklayer/manetrouting/batman/batmand/schedule.cc
networklayer/manetrouting/dsdv/DSDV_2.cc
networklayer/manetrouting/dymo/dymoum/dymo_re.cc
networklayer/manetrouting/batman/batmand/schedule.cc: In member function ‘void Batman::schedule_forward_packet(OrigNode*, BatmanPacket*, const ManetAddress&, uint8_t, int16_t, BatmanIf*, const simtime_t&)’:
networklayer/manetrouting/batman/batmand/schedule.cc:105:13: warning: variable ‘tq_avg’ set but not used [-Wunused-but-set-variable]
     uint8_t tq_avg = 0;
             ^
networklayer/manetrouting/dymo_fau/DYMO_RoutingEntry.cc
networklayer/manetrouting/dymo_fau/DYMO.cc
networklayer/manetrouting/dymo_fau/DYMO_TokenBucket.cc
networklayer/manetrouting/dymo_fau/DYMO_Timer.cc
networklayer/manetrouting/dymo_fau/DYMO_RoutingTable.cc
networklayer/manetrouting/olsr/OLSR_state.cc
networklayer/manetrouting/olsr/OLSR.cc
networklayer/manetrouting/olsr/OLSR_ETX.cc
networklayer/manetrouting/olsr/OLSR_ETX_state.cc
networklayer/manetrouting/olsr/OLSR_ETX_dijkstra.cc
networklayer/manetrouting/olsr/OLSR_rtable.cc
networklayer/manetrouting/olsr/OLSROPT.cc
networklayer/routing/dymo/xDYMO.cc
networklayer/routing/gpsr/GPSR.cc
networklayer/routing/rip/RIPRouting.cc
networklayer/rsvp_te/SimpleClassifier.cc
networklayer/ted/LinkStateRouting.cc
transport/rtp/RTCPPacket.cc
transport/rtp/reports.cc
transport/rtp/RTPInnerPacket.cc
transport/rtp/RTPReceiverInfo.cc
transport/rtp/RTPPayloadReceiver.cc
transport/rtp/RTPSenderInfo.cc
transport/rtp/RTPPayloadSender.cc
transport/rtp/RTP.cc
transport/rtp/RTPProfile.cc
transport/rtp/RTPParticipantInfo.cc
transport/rtp/RTCP.cc
transport/rtp/profiles/avprofile/RTPAVProfilePayload32Sender.cc
transport/rtp/profiles/avprofile/RTPAVProfilePayload32Receiver.cc
Creating shared library: ../out/gcc-debug/src/libinet.so
make[1]: Leaving directory `/home/asvvan/projects/vitiv6/omtp/inet/src'

11:52:21 Build Finished (took 5m:1s.665ms)

